2015-02-18 23:08:44,754:DEBUG:START TRAINING DATA STEP
2015-02-18 23:08:44,795:DEBUG:Section data set size = 120
2015-02-18 23:08:44,796:DEBUG:Getting dataset size took 0.0416250228882
2015-02-18 23:08:44,796:DEBUG:Querying confirmedSections 2015-02-18 23:08:44.796119
2015-02-18 23:08:44,796:DEBUG:Querying confirmedSection took 2.98023223877e-05
2015-02-18 23:08:44,796:DEBUG:Querying stage modes 2015-02-18 23:08:44.796372
2015-02-18 23:08:44,797:DEBUG:Querying stage modes took 0.00133800506592
2015-02-18 23:08:44,798:DEBUG:Section query with ground truth 2015-02-18 23:08:44.797980
2015-02-18 23:08:44,799:DEBUG:Training set total size = 114
2015-02-18 23:08:44,799:DEBUG:Getting section query with ground truth took 0.00117707252502
2015-02-18 23:08:44,800:DEBUG:confirmedSections.count() = 114
2015-02-18 23:08:44,800:INFO:loadTrainingDataStep DONE
2015-02-18 23:08:44,800:DEBUG:Trying to find cluster locations for 1 trips
2015-02-18 23:08:44,843:DEBUG:Trying to find cluster locations for 46 trips
2015-02-18 23:08:44,907:DEBUG:Trying to find cluster locations for 0 trips
2015-02-18 23:08:44,908:DEBUG:No points found in cluster input, nothing to fit..
2015-02-18 23:08:44,908:INFO:generateBusAndTrainStopStep DONE
2015-02-18 23:08:44,910:DEBUG:created data structures of size 114
2015-02-18 23:08:45,264:DEBUG:Processing record 0 
2015-02-18 23:08:49,571:DEBUG:Processing record 100 
2015-02-18 23:08:50,169:INFO:generateFeatureMatrixAndResultVectorStep DONE
2015-02-18 23:08:50,169:DEBUG:Stripped trips with mode: run 0, transport 0, mixed 5, unknown 0 unstripped 109
2015-02-18 23:08:50,169:INFO:savePredictionsStep DONE
2015-02-18 23:08:50,170:DEBUG:Stripping out distanceOutliers (array([], dtype=int64),), speedOutliers (array([54]),), speedMeanOutliers (array([7]),), speedVarianceOutliers (array([  2,   7,  16,  31,  48,  54,  68,  69,  70,  73,  74,  78,  81,
        86, 107]),), maxSpeedOutliers (array([  0,   2,   7,   9,  16,  25,  29,  30,  31,  47,  48,  54,  68,
        69,  70,  73,  74,  78,  81,  86, 107]),)
2015-02-18 23:08:50,170:DEBUG:nonOutlierIndices.shape = 109
2015-02-18 23:08:50,170:INFO:cleanDataStep DONE
2015-02-18 23:08:50,170:DEBUG:generic features = [0, 1, 2, 3, 4, 5, 6, 7, 8, 9]
2015-02-18 23:08:50,170:DEBUG:advanced features = [10, 11, 12]
2015-02-18 23:08:50,170:DEBUG:location features = [13, 14, 15, 16]
2015-02-18 23:08:50,170:DEBUG:time features = [17, 18]
2015-02-18 23:08:50,170:DEBUG:bus train features = [19, 20, 21]
2015-02-18 23:08:50,171:INFO:selectFeatureIndicesStep DONE
2015-02-18 23:08:50,351:INFO:buildModelStep DONE
2015-02-18 23:08:50,352:DEBUG:Predicting values for 0 sections
2015-02-18 23:08:50,353:INFO:generateFeatureMatrixAndIDsStep DONE
2015-02-18 23:08:50,354:INFO:predictModesStep DONE
2015-02-18 23:09:26,711:DEBUG:START TRAINING DATA STEP
2015-02-18 23:09:26,711:DEBUG:Section data set size = 120
2015-02-18 23:09:26,711:DEBUG:Getting dataset size took 0.000809192657471
2015-02-18 23:09:26,712:DEBUG:Querying confirmedSections 2015-02-18 23:09:26.711996
2015-02-18 23:09:26,712:DEBUG:Querying confirmedSection took 1.97887420654e-05
2015-02-18 23:09:26,712:DEBUG:Querying stage modes 2015-02-18 23:09:26.712134
2015-02-18 23:09:26,713:DEBUG:Querying stage modes took 0.00132703781128
2015-02-18 23:09:26,713:DEBUG:Section query with ground truth 2015-02-18 23:09:26.713661
2015-02-18 23:09:26,715:DEBUG:Training set total size = 114
2015-02-18 23:09:26,715:DEBUG:Getting section query with ground truth took 0.00146579742432
2015-02-18 23:09:26,716:DEBUG:confirmedSections.count() = 114
2015-02-18 23:09:26,716:INFO:loadTrainingDataStep DONE
2015-02-18 23:09:26,716:DEBUG:Trying to find cluster locations for 1 trips
2015-02-18 23:09:26,719:DEBUG:Trying to find cluster locations for 46 trips
2015-02-18 23:09:26,763:DEBUG:Trying to find cluster locations for 0 trips
2015-02-18 23:09:26,763:DEBUG:No points found in cluster input, nothing to fit..
2015-02-18 23:09:26,763:INFO:generateBusAndTrainStopStep DONE
2015-02-18 23:09:26,766:DEBUG:created data structures of size 114
2015-02-18 23:09:26,929:DEBUG:Processing record 0 
2015-02-18 23:09:31,688:DEBUG:Processing record 100 
2015-02-18 23:09:32,537:INFO:generateFeatureMatrixAndResultVectorStep DONE
2015-02-18 23:09:32,538:DEBUG:Stripped trips with mode: run 0, transport 0, mixed 5, unknown 0 unstripped 109
2015-02-18 23:09:32,538:INFO:savePredictionsStep DONE
2015-02-18 23:09:32,539:DEBUG:Stripping out distanceOutliers (array([], dtype=int64),), speedOutliers (array([54]),), speedMeanOutliers (array([ 4, 68, 89]),), speedVarianceOutliers (array([  2,   4,   7,  16,  31,  54,  64,  68,  69,  70,  74,  78,  86,
        89, 107]),), maxSpeedOutliers (array([  0,   2,   4,   7,   9,  16,  25,  29,  31,  47,  48,  54,  64,
        68,  69,  70,  74,  78,  81,  86,  89,  95, 103, 107]),)
2015-02-18 23:09:32,539:DEBUG:nonOutlierIndices.shape = 109
2015-02-18 23:09:32,539:INFO:cleanDataStep DONE
2015-02-18 23:09:32,539:DEBUG:generic features = [0, 1, 2, 3, 4, 5, 6, 7, 8, 9]
2015-02-18 23:09:32,539:DEBUG:advanced features = [10, 11, 12]
2015-02-18 23:09:32,539:DEBUG:location features = [13, 14, 15, 16]
2015-02-18 23:09:32,539:DEBUG:time features = [17, 18]
2015-02-18 23:09:32,539:DEBUG:bus train features = [19, 20, 21]
2015-02-18 23:09:32,539:INFO:selectFeatureIndicesStep DONE
2015-02-18 23:09:32,558:INFO:buildModelStep DONE
2015-02-18 23:09:32,560:DEBUG:Predicting values for 0 sections
2015-02-18 23:09:32,561:INFO:generateFeatureMatrixAndIDsStep DONE
2015-02-18 23:09:32,562:INFO:predictModesStep DONE
2015-02-18 23:09:32,720:INFO:savePredictionsStep DONE
2015-02-18 23:10:05,412:DEBUG:START TRAINING DATA STEP
2015-02-18 23:10:05,413:DEBUG:Section data set size = 120
2015-02-18 23:10:05,413:DEBUG:Getting dataset size took 0.000771999359131
2015-02-18 23:10:05,413:DEBUG:Querying confirmedSections 2015-02-18 23:10:05.413627
2015-02-18 23:10:05,413:DEBUG:Querying confirmedSection took 1.71661376953e-05
2015-02-18 23:10:05,413:DEBUG:Querying stage modes 2015-02-18 23:10:05.413755
2015-02-18 23:10:05,414:DEBUG:Querying stage modes took 0.001051902771
2015-02-18 23:10:05,414:DEBUG:Section query with ground truth 2015-02-18 23:10:05.414968
2015-02-18 23:10:05,416:DEBUG:Training set total size = 114
2015-02-18 23:10:05,416:DEBUG:Getting section query with ground truth took 0.00100302696228
2015-02-18 23:10:05,416:DEBUG:confirmedSections.count() = 114
2015-02-18 23:10:05,417:INFO:loadTrainingDataStep DONE
2015-02-18 23:10:05,417:DEBUG:Trying to find cluster locations for 1 trips
2015-02-18 23:10:05,420:DEBUG:Trying to find cluster locations for 46 trips
2015-02-18 23:10:05,455:DEBUG:Trying to find cluster locations for 0 trips
2015-02-18 23:10:05,456:DEBUG:No points found in cluster input, nothing to fit..
2015-02-18 23:10:05,456:INFO:generateBusAndTrainStopStep DONE
2015-02-18 23:10:05,458:DEBUG:created data structures of size 114
2015-02-18 23:10:05,595:DEBUG:Processing record 0 
2015-02-18 23:10:09,807:DEBUG:Processing record 100 
2015-02-18 23:10:10,420:INFO:generateFeatureMatrixAndResultVectorStep DONE
2015-02-18 23:10:10,420:DEBUG:Stripped trips with mode: run 0, transport 0, mixed 5, unknown 0 unstripped 109
2015-02-18 23:10:10,420:INFO:savePredictionsStep DONE
2015-02-18 23:10:10,421:DEBUG:Stripping out distanceOutliers (array([], dtype=int64),), speedOutliers (array([54]),), speedMeanOutliers (array([4]),), speedVarianceOutliers (array([  2,   4,   7,  16,  30,  31,  48,  54,  68,  69,  70,  74,  86, 107]),), maxSpeedOutliers (array([  0,   2,   4,   7,   9,  16,  25,  29,  30,  31,  47,  48,  54,
        68,  69,  70,  73,  74,  81,  86, 103, 105, 107]),)
2015-02-18 23:10:10,421:DEBUG:nonOutlierIndices.shape = 109
2015-02-18 23:10:10,421:INFO:cleanDataStep DONE
2015-02-18 23:10:10,421:DEBUG:generic features = [0, 1, 2, 3, 4, 5, 6, 7, 8, 9]
2015-02-18 23:10:10,421:DEBUG:advanced features = [10, 11, 12]
2015-02-18 23:10:10,421:DEBUG:location features = [13, 14, 15, 16]
2015-02-18 23:10:10,421:DEBUG:time features = [17, 18]
2015-02-18 23:10:10,421:DEBUG:bus train features = [19, 20, 21]
2015-02-18 23:10:10,421:INFO:selectFeatureIndicesStep DONE
2015-02-18 23:10:16,060:DEBUG:START TRAINING DATA STEP
2015-02-18 23:10:16,061:DEBUG:Section data set size = 120
2015-02-18 23:10:16,062:DEBUG:Getting dataset size took 0.000900983810425
2015-02-18 23:10:16,062:DEBUG:Querying confirmedSections 2015-02-18 23:10:16.062096
2015-02-18 23:10:16,062:DEBUG:Querying confirmedSection took 2.28881835938e-05
2015-02-18 23:10:16,062:DEBUG:Querying stage modes 2015-02-18 23:10:16.062238
2015-02-18 23:10:16,063:DEBUG:Querying stage modes took 0.00111985206604
2015-02-18 23:10:16,063:DEBUG:Section query with ground truth 2015-02-18 23:10:16.063513
2015-02-18 23:10:16,064:DEBUG:Training set total size = 114
2015-02-18 23:10:16,064:DEBUG:Getting section query with ground truth took 0.00107502937317
2015-02-18 23:10:16,065:DEBUG:confirmedSections.count() = 114
2015-02-18 23:10:16,065:INFO:loadTrainingDataStep DONE
2015-02-18 23:10:16,066:DEBUG:Trying to find cluster locations for 1 trips
2015-02-18 23:10:16,068:DEBUG:Trying to find cluster locations for 46 trips
2015-02-18 23:10:16,105:DEBUG:Trying to find cluster locations for 0 trips
2015-02-18 23:10:16,105:DEBUG:No points found in cluster input, nothing to fit..
2015-02-18 23:10:16,105:INFO:generateBusAndTrainStopStep DONE
2015-02-18 23:10:16,108:DEBUG:created data structures of size 114
2015-02-18 23:10:16,250:DEBUG:Processing record 0 
2015-02-18 23:10:20,690:DEBUG:Processing record 100 
2015-02-18 23:10:21,315:INFO:generateFeatureMatrixAndResultVectorStep DONE
2015-02-18 23:10:21,315:DEBUG:Stripped trips with mode: run 0, transport 0, mixed 5, unknown 0 unstripped 109
2015-02-18 23:10:21,315:INFO:savePredictionsStep DONE
2015-02-18 23:10:21,315:DEBUG:Stripping out distanceOutliers (array([], dtype=int64),), speedOutliers (array([54]),), speedMeanOutliers (array([54]),), speedVarianceOutliers (array([  2,   7,  31,  48,  54,  68,  69,  70,  74,  78,  82,  86, 107]),), maxSpeedOutliers (array([  0,   2,   7,   9,  16,  25,  29,  30,  31,  47,  48,  54,  68,
        69,  70,  73,  74,  78,  81,  82,  86,  95, 103, 107]),)
2015-02-18 23:10:21,315:DEBUG:nonOutlierIndices.shape = 109
2015-02-18 23:10:21,316:INFO:cleanDataStep DONE
2015-02-18 23:10:21,316:DEBUG:generic features = [0, 1, 2, 3, 4, 5, 6, 7, 8, 9]
2015-02-18 23:10:21,316:DEBUG:advanced features = [10, 11, 12]
2015-02-18 23:10:21,316:DEBUG:location features = [13, 14, 15, 16]
2015-02-18 23:10:21,316:DEBUG:time features = [17, 18]
2015-02-18 23:10:21,316:DEBUG:bus train features = [19, 20, 21]
2015-02-18 23:10:21,316:INFO:selectFeatureIndicesStep DONE
2015-02-18 23:10:21,572:INFO:buildModelStep DONE
2015-02-18 23:10:21,574:DEBUG:Predicting values for 0 sections
2015-02-18 23:10:21,576:INFO:generateFeatureMatrixAndIDsStep DONE
2015-02-18 23:10:21,577:INFO:predictModesStep DONE
2015-02-18 23:10:21,579:INFO:savePredictionsStep DONE
2015-02-21 15:28:01,848:DEBUG:START TRAINING DATA STEP
2015-02-21 15:28:01,849:DEBUG:Section data set size = 0
2015-02-21 15:28:01,850:DEBUG:Training set total size = 0
2015-02-21 15:28:01,850:DEBUG:confirmedSections.count() = 0
2015-02-21 15:28:01,851:INFO:loadTrainingDataStep DONE
2015-02-21 15:28:01,851:DEBUG:Trying to find cluster locations for 0 trips
2015-02-21 15:28:01,851:DEBUG:No points found in cluster input, nothing to fit..
2015-02-21 15:28:01,852:DEBUG:Trying to find cluster locations for 0 trips
2015-02-21 15:28:01,852:DEBUG:No points found in cluster input, nothing to fit..
2015-02-21 15:28:01,852:DEBUG:Trying to find cluster locations for 0 trips
2015-02-21 15:28:01,852:DEBUG:No points found in cluster input, nothing to fit..
2015-02-21 15:28:01,853:INFO:generateBusAndTrainStopStep DONE
2015-02-21 15:28:01,853:DEBUG:created data structures of size 0
2015-02-21 15:28:01,854:INFO:generateFeatureMatrixAndResultVectorStep DONE
2015-02-21 15:28:01,854:DEBUG:Stripped trips with mode: run 0, transport 0, mixed 0, unknown 0 unstripped 0
2015-02-21 15:28:01,854:INFO:savePredictionsStep DONE
2015-02-21 15:28:01,854:DEBUG:Stripping out distanceOutliers (array([], dtype=int64),), speedOutliers (array([], dtype=int64),), speedMeanOutliers (array([], dtype=int64),), speedVarianceOutliers (array([], dtype=int64),), maxSpeedOutliers (array([], dtype=int64),)
2015-02-21 15:28:01,854:DEBUG:nonOutlierIndices.shape = 0
2015-02-21 15:28:01,854:INFO:cleanDataStep DONE
2015-02-21 15:28:01,854:DEBUG:generic features = [0, 1, 2, 3, 4, 5, 6, 7, 8, 9]
2015-02-21 15:28:01,854:DEBUG:advanced features = [10, 11, 12]
2015-02-21 15:28:01,854:DEBUG:location features = [13, 14, 15, 16]
2015-02-21 15:28:01,854:DEBUG:time features = [17, 18]
2015-02-21 15:28:01,854:DEBUG:bus train features = [19, 20, 21]
2015-02-21 15:28:01,854:INFO:selectFeatureIndicesStep DONE
2015-02-21 15:28:14,290:DEBUG:START TRAINING DATA STEP
2015-02-21 15:28:14,291:DEBUG:Section data set size = 0
2015-02-21 15:28:14,292:DEBUG:Training set total size = 0
2015-02-21 15:28:14,293:DEBUG:confirmedSections.count() = 0
2015-02-21 15:28:14,293:INFO:loadTrainingDataStep DONE
2015-02-21 15:28:14,293:DEBUG:Trying to find cluster locations for 0 trips
2015-02-21 15:28:14,293:DEBUG:No points found in cluster input, nothing to fit..
2015-02-21 15:28:14,294:DEBUG:Trying to find cluster locations for 0 trips
2015-02-21 15:28:14,294:DEBUG:No points found in cluster input, nothing to fit..
2015-02-21 15:28:14,294:DEBUG:Trying to find cluster locations for 0 trips
2015-02-21 15:28:14,295:DEBUG:No points found in cluster input, nothing to fit..
2015-02-21 15:28:14,295:INFO:generateBusAndTrainStopStep DONE
2015-02-21 15:28:14,296:DEBUG:created data structures of size 0
2015-02-21 15:28:14,296:INFO:generateFeatureMatrixAndResultVectorStep DONE
2015-02-21 15:28:14,296:DEBUG:Stripped trips with mode: run 0, transport 0, mixed 0, unknown 0 unstripped 0
2015-02-21 15:28:14,296:INFO:savePredictionsStep DONE
2015-02-21 15:28:14,296:DEBUG:Stripping out distanceOutliers (array([], dtype=int64),), speedOutliers (array([], dtype=int64),), speedMeanOutliers (array([], dtype=int64),), speedVarianceOutliers (array([], dtype=int64),), maxSpeedOutliers (array([], dtype=int64),)
2015-02-21 15:28:14,296:DEBUG:nonOutlierIndices.shape = 0
2015-02-21 15:28:14,296:INFO:cleanDataStep DONE
2015-02-21 15:28:14,296:DEBUG:generic features = [0, 1, 2, 3, 4, 5, 6, 7, 8, 9]
2015-02-21 15:28:14,297:DEBUG:advanced features = [10, 11, 12]
2015-02-21 15:28:14,297:DEBUG:location features = [13, 14, 15, 16]
2015-02-21 15:28:14,297:DEBUG:time features = [17, 18]
2015-02-21 15:28:14,297:DEBUG:bus train features = [19, 20, 21]
2015-02-21 15:28:14,297:INFO:selectFeatureIndicesStep DONE
2015-02-21 15:28:52,656:DEBUG:START TRAINING DATA STEP
2015-02-21 15:28:52,656:DEBUG:Section data set size = 0
2015-02-21 15:28:52,658:DEBUG:Training set total size = 0
2015-02-21 15:28:52,658:DEBUG:confirmedSections.count() = 0
2015-02-21 15:28:52,658:INFO:loadTrainingDataStep DONE
2015-02-21 15:28:52,659:DEBUG:Trying to find cluster locations for 0 trips
2015-02-21 15:28:52,659:DEBUG:No points found in cluster input, nothing to fit..
2015-02-21 15:28:52,659:DEBUG:Trying to find cluster locations for 0 trips
2015-02-21 15:28:52,660:DEBUG:No points found in cluster input, nothing to fit..
2015-02-21 15:28:52,660:DEBUG:Trying to find cluster locations for 0 trips
2015-02-21 15:28:52,660:DEBUG:No points found in cluster input, nothing to fit..
2015-02-21 15:28:52,661:INFO:generateBusAndTrainStopStep DONE
2015-02-21 15:28:52,662:DEBUG:created data structures of size 0
2015-02-21 15:28:52,662:INFO:generateFeatureMatrixAndResultVectorStep DONE
2015-02-21 15:28:52,662:DEBUG:Stripped trips with mode: run 0, transport 0, mixed 0, unknown 0 unstripped 0
2015-02-21 15:28:52,662:INFO:savePredictionsStep DONE
2015-02-21 15:28:52,662:DEBUG:Stripping out distanceOutliers (array([], dtype=int64),), speedOutliers (array([], dtype=int64),), speedMeanOutliers (array([], dtype=int64),), speedVarianceOutliers (array([], dtype=int64),), maxSpeedOutliers (array([], dtype=int64),)
2015-02-21 15:28:52,662:DEBUG:nonOutlierIndices.shape = 0
2015-02-21 15:28:52,662:INFO:cleanDataStep DONE
2015-02-21 15:28:52,662:DEBUG:generic features = [0, 1, 2, 3, 4, 5, 6, 7, 8, 9]
2015-02-21 15:28:52,662:DEBUG:advanced features = [10, 11, 12]
2015-02-21 15:28:52,662:DEBUG:location features = [13, 14, 15, 16]
2015-02-21 15:28:52,663:DEBUG:time features = [17, 18]
2015-02-21 15:28:52,663:DEBUG:bus train features = [19, 20, 21]
2015-02-21 15:28:52,663:INFO:selectFeatureIndicesStep DONE
2015-02-21 15:28:52,669:INFO:generateFeatureMatrixAndIDsStep DONE
2015-02-21 15:29:07,684:DEBUG:START TRAINING DATA STEP
2015-02-21 15:29:07,685:DEBUG:Section data set size = 0
2015-02-21 15:29:07,687:DEBUG:Training set total size = 0
2015-02-21 15:29:07,687:DEBUG:confirmedSections.count() = 0
2015-02-21 15:29:07,687:INFO:loadTrainingDataStep DONE
2015-02-21 15:29:07,687:DEBUG:Trying to find cluster locations for 0 trips
2015-02-21 15:29:07,688:DEBUG:No points found in cluster input, nothing to fit..
2015-02-21 15:29:07,688:DEBUG:Trying to find cluster locations for 0 trips
2015-02-21 15:29:07,688:DEBUG:No points found in cluster input, nothing to fit..
2015-02-21 15:29:07,689:DEBUG:Trying to find cluster locations for 0 trips
2015-02-21 15:29:07,689:DEBUG:No points found in cluster input, nothing to fit..
2015-02-21 15:29:07,689:INFO:generateBusAndTrainStopStep DONE
2015-02-21 15:29:07,690:DEBUG:created data structures of size 0
2015-02-21 15:29:07,690:INFO:generateFeatureMatrixAndResultVectorStep DONE
2015-02-21 15:29:07,691:DEBUG:Stripped trips with mode: run 0, transport 0, mixed 0, unknown 0 unstripped 0
2015-02-21 15:29:07,691:INFO:savePredictionsStep DONE
2015-02-21 15:29:07,691:DEBUG:Stripping out distanceOutliers (array([], dtype=int64),), speedOutliers (array([], dtype=int64),), speedMeanOutliers (array([], dtype=int64),), speedVarianceOutliers (array([], dtype=int64),), maxSpeedOutliers (array([], dtype=int64),)
2015-02-21 15:29:07,691:DEBUG:nonOutlierIndices.shape = 0
2015-02-21 15:29:07,691:INFO:cleanDataStep DONE
2015-02-21 15:29:07,691:DEBUG:generic features = [0, 1, 2, 3, 4, 5, 6, 7, 8, 9]
2015-02-21 15:29:07,691:DEBUG:advanced features = [10, 11, 12]
2015-02-21 15:29:07,691:DEBUG:location features = [13, 14, 15, 16]
2015-02-21 15:29:07,691:DEBUG:time features = [17, 18]
2015-02-21 15:29:07,691:DEBUG:bus train features = [19, 20, 21]
2015-02-21 15:29:07,691:INFO:selectFeatureIndicesStep DONE
2015-02-21 15:30:48,541:DEBUG:START TRAINING DATA STEP
2015-02-21 15:30:48,541:DEBUG:Section data set size = 0
2015-02-21 15:30:48,543:DEBUG:Training set total size = 0
2015-02-21 15:30:48,543:DEBUG:confirmedSections.count() = 0
2015-02-21 15:30:48,543:INFO:loadTrainingDataStep DONE
2015-02-21 15:30:48,544:DEBUG:Trying to find cluster locations for 0 trips
2015-02-21 15:30:48,544:DEBUG:No points found in cluster input, nothing to fit..
2015-02-21 15:30:48,544:DEBUG:Trying to find cluster locations for 0 trips
2015-02-21 15:30:48,545:DEBUG:No points found in cluster input, nothing to fit..
2015-02-21 15:30:48,545:DEBUG:Trying to find cluster locations for 0 trips
2015-02-21 15:30:48,545:DEBUG:No points found in cluster input, nothing to fit..
2015-02-21 15:30:48,545:INFO:generateBusAndTrainStopStep DONE
2015-02-21 15:30:48,546:DEBUG:created data structures of size 0
2015-02-21 15:30:48,546:INFO:generateFeatureMatrixAndResultVectorStep DONE
2015-02-21 15:30:48,546:DEBUG:Stripped trips with mode: run 0, transport 0, mixed 0, unknown 0 unstripped 0
2015-02-21 15:30:48,547:INFO:savePredictionsStep DONE
2015-02-21 15:30:48,547:DEBUG:Stripping out distanceOutliers (array([], dtype=int64),), speedOutliers (array([], dtype=int64),), speedMeanOutliers (array([], dtype=int64),), speedVarianceOutliers (array([], dtype=int64),), maxSpeedOutliers (array([], dtype=int64),)
2015-02-21 15:30:48,547:DEBUG:nonOutlierIndices.shape = 0
2015-02-21 15:30:48,547:INFO:cleanDataStep DONE
2015-02-21 15:30:48,547:DEBUG:generic features = [0, 1, 2, 3, 4, 5, 6, 7, 8, 9]
2015-02-21 15:30:48,547:DEBUG:advanced features = [10, 11, 12]
2015-02-21 15:30:48,547:DEBUG:location features = [13, 14, 15, 16]
2015-02-21 15:30:48,547:DEBUG:time features = [17, 18]
2015-02-21 15:30:48,547:DEBUG:bus train features = [19, 20, 21]
2015-02-21 15:30:48,547:INFO:selectFeatureIndicesStep DONE
2015-02-21 15:33:43,224:DEBUG:START TRAINING DATA STEP
2015-02-21 15:33:43,225:DEBUG:Section data set size = 0
2015-02-21 15:33:43,226:DEBUG:Training set total size = 0
2015-02-21 15:33:43,227:DEBUG:confirmedSections.count() = 0
2015-02-21 15:33:43,227:INFO:loadTrainingDataStep DONE
2015-02-21 15:33:43,227:DEBUG:Trying to find cluster locations for 0 trips
2015-02-21 15:33:43,228:DEBUG:No points found in cluster input, nothing to fit..
2015-02-21 15:33:43,228:DEBUG:Trying to find cluster locations for 0 trips
2015-02-21 15:33:43,228:DEBUG:No points found in cluster input, nothing to fit..
2015-02-21 15:33:43,229:DEBUG:Trying to find cluster locations for 0 trips
2015-02-21 15:33:43,229:DEBUG:No points found in cluster input, nothing to fit..
2015-02-21 15:33:43,229:INFO:generateBusAndTrainStopStep DONE
2015-02-21 15:33:43,230:DEBUG:created data structures of size 0
2015-02-21 15:33:43,230:INFO:generateFeatureMatrixAndResultVectorStep DONE
2015-02-21 15:33:43,230:DEBUG:Stripped trips with mode: run 0, transport 0, mixed 0, unknown 0 unstripped 0
2015-02-21 15:33:43,230:INFO:savePredictionsStep DONE
2015-02-21 15:33:43,231:DEBUG:Stripping out distanceOutliers (array([], dtype=int64),), speedOutliers (array([], dtype=int64),), speedMeanOutliers (array([], dtype=int64),), speedVarianceOutliers (array([], dtype=int64),), maxSpeedOutliers (array([], dtype=int64),)
2015-02-21 15:33:43,231:DEBUG:nonOutlierIndices.shape = 0
2015-02-21 15:33:43,231:INFO:cleanDataStep DONE
2015-02-21 15:33:43,231:DEBUG:generic features = [0, 1, 2, 3, 4, 5, 6, 7, 8, 9]
2015-02-21 15:33:43,231:DEBUG:advanced features = [10, 11, 12]
2015-02-21 15:33:43,231:DEBUG:location features = [13, 14, 15, 16]
2015-02-21 15:33:43,231:DEBUG:time features = [17, 18]
2015-02-21 15:33:43,231:DEBUG:bus train features = [19, 20, 21]
2015-02-21 15:33:43,231:INFO:selectFeatureIndicesStep DONE
2015-02-21 15:35:09,435:DEBUG:START TRAINING DATA STEP
2015-02-21 15:35:09,436:DEBUG:Section data set size = 221
2015-02-21 15:35:09,439:DEBUG:Training set total size = 197
2015-02-21 15:35:09,440:DEBUG:confirmedSections.count() = 197
2015-02-21 15:35:09,440:INFO:loadTrainingDataStep DONE
2015-02-21 15:35:09,441:DEBUG:Trying to find cluster locations for 1 trips
2015-02-21 15:35:09,443:DEBUG:Trying to find cluster locations for 53 trips
2015-02-21 15:35:09,513:DEBUG:Trying to find cluster locations for 0 trips
2015-02-21 15:35:09,514:DEBUG:No points found in cluster input, nothing to fit..
2015-02-21 15:35:09,514:INFO:generateBusAndTrainStopStep DONE
2015-02-21 15:35:09,517:DEBUG:created data structures of size 197
2015-02-21 15:35:09,580:DEBUG:Processing record 0 
2015-02-21 15:35:16,481:DEBUG:START TRAINING DATA STEP
2015-02-21 15:35:16,482:DEBUG:Section data set size = 221
2015-02-21 15:35:16,484:DEBUG:Training set total size = 197
2015-02-21 15:35:16,485:DEBUG:confirmedSections.count() = 197
2015-02-21 15:35:16,485:INFO:loadTrainingDataStep DONE
2015-02-21 15:35:16,486:DEBUG:Trying to find cluster locations for 1 trips
2015-02-21 15:35:16,488:DEBUG:Trying to find cluster locations for 53 trips
2015-02-21 15:35:16,526:DEBUG:Trying to find cluster locations for 0 trips
2015-02-21 15:35:16,527:DEBUG:No points found in cluster input, nothing to fit..
2015-02-21 15:35:16,527:INFO:generateBusAndTrainStopStep DONE
2015-02-21 15:35:16,531:DEBUG:created data structures of size 197
2015-02-21 15:35:16,592:DEBUG:Processing record 0 
2015-02-21 15:35:19,966:DEBUG:Processing record 100 
2015-02-21 15:35:23,474:INFO:generateFeatureMatrixAndResultVectorStep DONE
2015-02-21 15:35:23,474:DEBUG:Stripped trips with mode: run 0, transport 0, mixed 5, unknown 0 unstripped 192
2015-02-21 15:35:23,475:INFO:savePredictionsStep DONE
2015-02-21 15:35:23,476:DEBUG:Stripping out distanceOutliers (array([23]),), speedOutliers (array([  1,  23,  24,  64, 136]),), speedMeanOutliers (array([  1,  23,  24,  64,  78,  86,  89, 136, 171]),), speedVarianceOutliers (array([  1,   5,  16,  23,  24,  35,  55,  59,  64,  78,  84,  86,  89,
        98, 106, 113, 130, 136, 138, 146, 147, 150, 151, 152, 155, 156,
       160, 163, 164, 168, 171, 186, 187, 189]),), maxSpeedOutliers (array([  1,   2,   5,  16,  17,  23,  24,  35,  51,  55,  59,  64,  68,
        69,  70,  77,  78,  84,  86,  89,  91,  92,  98, 106, 107, 111,
       112, 113, 129, 130, 136, 138, 146, 147, 150, 151, 152, 155, 156,
       157, 160, 162, 163, 164, 168, 171, 177, 185, 186, 187, 189, 190]),)
2015-02-21 15:35:23,477:DEBUG:nonOutlierIndices.shape = 192
2015-02-21 15:35:23,477:INFO:cleanDataStep DONE
2015-02-21 15:35:23,477:DEBUG:generic features = [0, 1, 2, 3, 4, 5, 6, 7, 8, 9]
2015-02-21 15:35:23,477:DEBUG:advanced features = [10, 11, 12]
2015-02-21 15:35:23,477:DEBUG:location features = [13, 14, 15, 16]
2015-02-21 15:35:23,477:DEBUG:time features = [17, 18]
2015-02-21 15:35:23,477:DEBUG:bus train features = [19, 20, 21]
2015-02-21 15:35:23,477:INFO:selectFeatureIndicesStep DONE
2015-02-21 15:35:49,273:DEBUG:START TRAINING DATA STEP
2015-02-21 15:35:49,274:DEBUG:Section data set size = 221
2015-02-21 15:35:49,276:DEBUG:Training set total size = 197
2015-02-21 15:35:49,277:DEBUG:confirmedSections.count() = 197
2015-02-21 15:35:49,277:INFO:loadTrainingDataStep DONE
2015-02-21 15:35:49,278:DEBUG:Trying to find cluster locations for 1 trips
2015-02-21 15:35:49,281:DEBUG:Trying to find cluster locations for 53 trips
2015-02-21 15:35:49,317:DEBUG:Trying to find cluster locations for 0 trips
2015-02-21 15:35:49,318:DEBUG:No points found in cluster input, nothing to fit..
2015-02-21 15:35:49,318:INFO:generateBusAndTrainStopStep DONE
2015-02-21 15:35:49,322:DEBUG:created data structures of size 197
2015-02-21 15:35:49,554:DEBUG:Processing record 0 
2015-02-21 15:35:53,078:DEBUG:Processing record 100 
2015-02-21 15:35:56,754:INFO:generateFeatureMatrixAndResultVectorStep DONE
2015-02-21 15:35:56,754:DEBUG:Stripped trips with mode: run 0, transport 0, mixed 5, unknown 0 unstripped 192
2015-02-21 15:35:56,754:INFO:savePredictionsStep DONE
2015-02-21 15:35:56,756:DEBUG:Stripping out distanceOutliers (array([23]),), speedOutliers (array([  1,  23,  24,  64, 136]),), speedMeanOutliers (array([ 64, 150]),), speedVarianceOutliers (array([  1,  23,  24,  35,  64,  78,  84,  89,  98, 113, 130, 136, 146,
       150, 151, 152, 160, 163, 168, 189]),), maxSpeedOutliers (array([  1,  17,  23,  24,  35,  51,  59,  64,  69,  77,  78,  84,  89,
        91,  98, 107, 111, 112, 113, 129, 130, 136, 146, 150, 151, 152,
       156, 160, 163, 164, 168, 177, 185, 189, 190]),)
2015-02-21 15:35:56,756:DEBUG:nonOutlierIndices.shape = 192
2015-02-21 15:35:56,756:INFO:cleanDataStep DONE
2015-02-21 15:35:56,756:DEBUG:generic features = [0, 1, 2, 3, 4, 5, 6, 7, 8, 9]
2015-02-21 15:35:56,756:DEBUG:advanced features = [10, 11, 12]
2015-02-21 15:35:56,756:DEBUG:location features = [13, 14, 15, 16]
2015-02-21 15:35:56,756:DEBUG:time features = [17, 18]
2015-02-21 15:35:56,756:DEBUG:bus train features = [19, 20, 21]
2015-02-21 15:35:56,756:INFO:selectFeatureIndicesStep DONE
